<?xml version="1.0" encoding="UTF-8"?>
<testsuite name="aws.web.BoardApiControllerTest" tests="2" skipped="0" failures="0" errors="0" timestamp="2021-10-14T03:02:22" hostname="MacBook-Pro.local" time="0.439">
  <properties/>
  <testcase name="수정()" classname="aws.web.BoardApiControllerTest" time="0.248"/>
  <testcase name="Posts_등록()" classname="aws.web.BoardApiControllerTest" time="0.19"/>
  <system-out><![CDATA[2021-10-14 12:02:17.662  INFO 22410 --- [    Test worker] .b.t.c.SpringBootTestContextBootstrapper : Neither @ContextConfiguration nor @ContextHierarchy found for test class [aws.web.BoardApiControllerTest], using SpringBootContextLoader
2021-10-14 12:02:17.664  INFO 22410 --- [    Test worker] o.s.t.c.support.AbstractContextLoader    : Could not detect default resource locations for test class [aws.web.BoardApiControllerTest]: no resource found for suffixes {-context.xml, Context.groovy}.
2021-10-14 12:02:17.664  INFO 22410 --- [    Test worker] t.c.s.AnnotationConfigContextLoaderUtils : Could not detect default configuration classes for test class [aws.web.BoardApiControllerTest]: BoardApiControllerTest does not declare any static, non-private, non-final, nested classes annotated with @Configuration.
2021-10-14 12:02:17.667  INFO 22410 --- [    Test worker] .b.t.c.SpringBootTestContextBootstrapper : Found @SpringBootConfiguration aws.AwsApplication for test class aws.web.BoardApiControllerTest
2021-10-14 12:02:17.672  INFO 22410 --- [    Test worker] .b.t.c.SpringBootTestContextBootstrapper : Loaded default TestExecutionListener class names from location [META-INF/spring.factories]: [org.springframework.security.test.context.support.WithSecurityContextTestExecutionListener, org.springframework.security.test.context.support.ReactorContextTestExecutionListener, org.springframework.boot.test.autoconfigure.restdocs.RestDocsTestExecutionListener, org.springframework.boot.test.autoconfigure.web.client.MockRestServiceServerResetTestExecutionListener, org.springframework.boot.test.autoconfigure.web.servlet.MockMvcPrintOnlyOnFailureTestExecutionListener, org.springframework.boot.test.autoconfigure.web.servlet.WebDriverTestExecutionListener, org.springframework.boot.test.autoconfigure.webservices.client.MockWebServiceServerTestExecutionListener, org.springframework.boot.test.mock.mockito.MockitoTestExecutionListener, org.springframework.boot.test.mock.mockito.ResetMocksTestExecutionListener, org.springframework.test.context.web.ServletTestExecutionListener, org.springframework.test.context.support.DirtiesContextBeforeModesTestExecutionListener, org.springframework.test.context.support.DependencyInjectionTestExecutionListener, org.springframework.test.context.support.DirtiesContextTestExecutionListener, org.springframework.test.context.transaction.TransactionalTestExecutionListener, org.springframework.test.context.jdbc.SqlScriptsTestExecutionListener, org.springframework.test.context.event.EventPublishingTestExecutionListener]
2021-10-14 12:02:17.673  INFO 22410 --- [    Test worker] .b.t.c.SpringBootTestContextBootstrapper : Using TestExecutionListeners: [org.springframework.test.context.web.ServletTestExecutionListener@368d13c9, org.springframework.test.context.support.DirtiesContextBeforeModesTestExecutionListener@56d5d67c, org.springframework.boot.test.mock.mockito.MockitoTestExecutionListener@2828faf8, org.springframework.boot.test.autoconfigure.SpringBootDependencyInjectionTestExecutionListener@229cec0c, org.springframework.test.context.support.DirtiesContextTestExecutionListener@7c51b0cd, org.springframework.test.context.transaction.TransactionalTestExecutionListener@44fef0d, org.springframework.test.context.jdbc.SqlScriptsTestExecutionListener@6b5f2a46, org.springframework.security.test.context.support.WithSecurityContextTestExecutionListener@2ee647ad, org.springframework.test.context.event.EventPublishingTestExecutionListener@5fc05d64, org.springframework.security.test.context.support.ReactorContextTestExecutionListener@248ce616, org.springframework.boot.test.autoconfigure.restdocs.RestDocsTestExecutionListener@3693f5db, org.springframework.boot.test.autoconfigure.web.client.MockRestServiceServerResetTestExecutionListener@2ad4078b, org.springframework.boot.test.autoconfigure.web.servlet.MockMvcPrintOnlyOnFailureTestExecutionListener@77a244c8, org.springframework.boot.test.autoconfigure.web.servlet.WebDriverTestExecutionListener@345db07c, org.springframework.boot.test.autoconfigure.webservices.client.MockWebServiceServerTestExecutionListener@1dc9b601, org.springframework.boot.test.mock.mockito.ResetMocksTestExecutionListener@172b026c]

  .   ____          _            __ _ _
 /\\ / ___'_ __ _ _(_)_ __  __ _ \ \ \ \
( ( )\___ | '_ | '_| | '_ \/ _` | \ \ \ \
 \\/  ___)| |_)| | | | | || (_| |  ) ) ) )
  '  |____| .__|_| |_|_| |_\__, | / / / /
 =========|_|==============|___/=/_/_/_/
 :: Spring Boot ::                (v2.4.1)

2021-10-14 12:02:17.748  INFO 22410 --- [    Test worker] aws.web.BoardApiControllerTest           : Starting BoardApiControllerTest using Java 11.0.10 on MacBook-Pro.local with PID 22410 (started by hyunbincho in /Users/hyunbincho/Desktop/projects/aws)
2021-10-14 12:02:17.748  INFO 22410 --- [    Test worker] aws.web.BoardApiControllerTest           : The following profiles are active: oauth
2021-10-14 12:02:18.148  INFO 22410 --- [    Test worker] .s.d.r.c.RepositoryConfigurationDelegate : Bootstrapping Spring Data JPA repositories in DEFAULT mode.
2021-10-14 12:02:18.215  INFO 22410 --- [    Test worker] .s.d.r.c.RepositoryConfigurationDelegate : Finished Spring Data repository scanning in 56 ms. Found 2 JPA repository interfaces.
2021-10-14 12:02:18.812  INFO 22410 --- [    Test worker] o.s.b.w.embedded.tomcat.TomcatWebServer  : Tomcat initialized with port(s): 0 (http)
2021-10-14 12:02:18.830  INFO 22410 --- [    Test worker] o.apache.catalina.core.StandardService   : Starting service [Tomcat]
2021-10-14 12:02:18.831  INFO 22410 --- [    Test worker] org.apache.catalina.core.StandardEngine  : Starting Servlet engine: [Apache Tomcat/9.0.41]
2021-10-14 12:02:18.979  INFO 22410 --- [    Test worker] o.a.c.c.C.[Tomcat].[localhost].[/]       : Initializing Spring embedded WebApplicationContext
2021-10-14 12:02:18.980  INFO 22410 --- [    Test worker] w.s.c.ServletWebServerApplicationContext : Root WebApplicationContext: initialization completed in 1229 ms
2021-10-14 12:02:19.060  INFO 22410 --- [    Test worker] com.zaxxer.hikari.HikariDataSource       : HikariPool-1 - Starting...
2021-10-14 12:02:19.303  INFO 22410 --- [    Test worker] com.zaxxer.hikari.HikariDataSource       : HikariPool-1 - Start completed.
2021-10-14 12:02:19.311  INFO 22410 --- [    Test worker] o.s.b.a.h2.H2ConsoleAutoConfiguration    : H2 console available at '/h2-console'. Database available at 'jdbc:h2:mem:testdb'
2021-10-14 12:02:19.750  INFO 22410 --- [    Test worker] o.hibernate.jpa.internal.util.LogHelper  : HHH000204: Processing PersistenceUnitInfo [name: default]
2021-10-14 12:02:19.820  INFO 22410 --- [    Test worker] org.hibernate.Version                    : HHH000412: Hibernate ORM core version 5.4.25.Final
2021-10-14 12:02:19.888  INFO 22410 --- [    Test worker] o.hibernate.annotations.common.Version   : HCANN000001: Hibernate Commons Annotations {5.1.2.Final}
2021-10-14 12:02:20.067  INFO 22410 --- [    Test worker] org.hibernate.dialect.Dialect            : HHH000400: Using dialect: org.hibernate.dialect.MySQL57Dialect
Hibernate: drop table if exists board
Hibernate: drop table if exists user
Hibernate: create table board (id bigint not null auto_increment, created_date datetime(6), modified_date datetime(6), author varchar(255), content TEXT not null, title varchar(500) not null, primary key (id)) engine=InnoDB
Hibernate: create table user (id bigint not null auto_increment, created_date datetime(6), modified_date datetime(6), email varchar(255) not null, name varchar(255) not null, picture varchar(255), role varchar(255) not null, primary key (id)) engine=InnoDB
2021-10-14 12:02:20.798  INFO 22410 --- [    Test worker] o.h.e.t.j.p.i.JtaPlatformInitiator       : HHH000490: Using JtaPlatform implementation: [org.hibernate.engine.transaction.jta.platform.internal.NoJtaPlatform]
2021-10-14 12:02:20.805  INFO 22410 --- [    Test worker] j.LocalContainerEntityManagerFactoryBean : Initialized JPA EntityManagerFactory for persistence unit 'default'
2021-10-14 12:02:21.452  WARN 22410 --- [    Test worker] JpaBaseConfiguration$JpaWebConfiguration : spring.jpa.open-in-view is enabled by default. Therefore, database queries may be performed during view rendering. Explicitly configure spring.jpa.open-in-view to disable this warning
2021-10-14 12:02:21.838  INFO 22410 --- [    Test worker] o.s.s.web.DefaultSecurityFilterChain     : Will secure any request with [org.springframework.security.web.context.request.async.WebAsyncManagerIntegrationFilter@76050f38, org.springframework.security.web.context.SecurityContextPersistenceFilter@3b121371, org.springframework.security.web.header.HeaderWriterFilter@33568ab, org.springframework.security.web.authentication.logout.LogoutFilter@cb032a0, org.springframework.security.oauth2.client.web.OAuth2AuthorizationRequestRedirectFilter@4c71bcab, org.springframework.security.oauth2.client.web.OAuth2LoginAuthenticationFilter@69b216cf, org.springframework.security.web.authentication.ui.DefaultLoginPageGeneratingFilter@4a7ac021, org.springframework.security.web.authentication.ui.DefaultLogoutPageGeneratingFilter@6f0bcadf, org.springframework.security.web.savedrequest.RequestCacheAwareFilter@5946987f, org.springframework.security.web.servletapi.SecurityContextHolderAwareRequestFilter@719ec3cc, org.springframework.security.web.authentication.AnonymousAuthenticationFilter@2edea771, org.springframework.security.web.session.SessionManagementFilter@464fb20c, org.springframework.security.web.access.ExceptionTranslationFilter@66e09ac6, org.springframework.security.web.access.intercept.FilterSecurityInterceptor@3db4847b]
2021-10-14 12:02:21.982  INFO 22410 --- [    Test worker] o.s.s.concurrent.ThreadPoolTaskExecutor  : Initializing ExecutorService 'applicationTaskExecutor'
2021-10-14 12:02:22.018  INFO 22410 --- [    Test worker] o.s.b.a.w.s.WelcomePageHandlerMapping    : Adding welcome page template: index
2021-10-14 12:02:22.322  INFO 22410 --- [    Test worker] o.s.b.w.embedded.tomcat.TomcatWebServer  : Tomcat started on port(s): 55476 (http) with context path ''
2021-10-14 12:02:22.338  INFO 22410 --- [    Test worker] s.a.ScheduledAnnotationBeanPostProcessor : No TaskScheduler/ScheduledExecutorService bean found for scheduled processing
2021-10-14 12:02:22.347  INFO 22410 --- [    Test worker] aws.web.BoardApiControllerTest           : Started BoardApiControllerTest in 4.668 seconds (JVM running for 10.227)
2021-10-14 12:02:22.361  INFO 22410 --- [    Test worker] o.a.c.c.C.[Tomcat].[localhost].[/]       : Initializing Spring TestDispatcherServlet ''
2021-10-14 12:02:22.361  INFO 22410 --- [    Test worker] o.s.t.web.servlet.TestDispatcherServlet  : Initializing Servlet ''
2021-10-14 12:02:22.362  INFO 22410 --- [    Test worker] o.s.t.web.servlet.TestDispatcherServlet  : Completed initialization in 1 ms
Hibernate: insert into board (created_date, modified_date, author, content, title) values (?, ?, ?, ?, ?)
Hibernate: select board0_.id as id1_0_0_, board0_.created_date as created_2_0_0_, board0_.modified_date as modified3_0_0_, board0_.author as author4_0_0_, board0_.content as content5_0_0_, board0_.title as title6_0_0_ from board board0_ where board0_.id=?
Hibernate: update board set created_date=?, modified_date=?, author=?, content=?, title=? where id=?
Hibernate: select board0_.id as id1_0_, board0_.created_date as created_2_0_, board0_.modified_date as modified3_0_, board0_.author as author4_0_, board0_.content as content5_0_, board0_.title as title6_0_ from board board0_
Hibernate: select board0_.id as id1_0_, board0_.created_date as created_2_0_, board0_.modified_date as modified3_0_, board0_.author as author4_0_, board0_.content as content5_0_, board0_.title as title6_0_ from board board0_
Hibernate: delete from board where id=?
2021-10-14 12:02:22.606  INFO 22410 --- [    Test worker] o.a.c.c.C.[Tomcat].[localhost].[/]       : Initializing Spring TestDispatcherServlet ''
2021-10-14 12:02:22.606  INFO 22410 --- [    Test worker] o.s.t.web.servlet.TestDispatcherServlet  : Initializing Servlet ''
2021-10-14 12:02:22.607  INFO 22410 --- [    Test worker] o.s.t.web.servlet.TestDispatcherServlet  : Completed initialization in 1 ms
2021-10-14 12:02:22.747  INFO 22410 --- [o-auto-1-exec-1] o.a.c.c.C.[Tomcat].[localhost].[/]       : Initializing Spring DispatcherServlet 'dispatcherServlet'
2021-10-14 12:02:22.748  INFO 22410 --- [o-auto-1-exec-1] o.s.web.servlet.DispatcherServlet        : Initializing Servlet 'dispatcherServlet'
2021-10-14 12:02:22.749  INFO 22410 --- [o-auto-1-exec-1] o.s.web.servlet.DispatcherServlet        : Completed initialization in 1 ms
Hibernate: insert into board (created_date, modified_date, author, content, title) values (?, ?, ?, ?, ?)
Hibernate: select board0_.id as id1_0_, board0_.created_date as created_2_0_, board0_.modified_date as modified3_0_, board0_.author as author4_0_, board0_.content as content5_0_, board0_.title as title6_0_ from board board0_
Hibernate: select board0_.id as id1_0_, board0_.created_date as created_2_0_, board0_.modified_date as modified3_0_, board0_.author as author4_0_, board0_.content as content5_0_, board0_.title as title6_0_ from board board0_
Hibernate: delete from board where id=?
]]></system-out>
  <system-err><![CDATA[]]></system-err>
</testsuite>
