<?xml version="1.0" encoding="UTF-8"?>
<testsuite name="aws.web.HelloControllerTest" tests="2" skipped="0" failures="0" errors="0" timestamp="2021-10-14T03:02:16" hostname="MacBook-Pro.local" time="0.687">
  <properties/>
  <testcase name="hello가_리턴된다()" classname="aws.web.HelloControllerTest" time="0.568"/>
  <testcase name="helloDto가_리턴된다()" classname="aws.web.HelloControllerTest" time="0.117"/>
  <system-out><![CDATA[12:02:13.270 [Test worker] DEBUG org.springframework.test.context.BootstrapUtils - Instantiating CacheAwareContextLoaderDelegate from class [org.springframework.test.context.cache.DefaultCacheAwareContextLoaderDelegate]
12:02:13.293 [Test worker] DEBUG org.springframework.test.context.BootstrapUtils - Instantiating BootstrapContext using constructor [public org.springframework.test.context.support.DefaultBootstrapContext(java.lang.Class,org.springframework.test.context.CacheAwareContextLoaderDelegate)]
12:02:13.357 [Test worker] DEBUG org.springframework.test.context.BootstrapUtils - Instantiating TestContextBootstrapper for test class [aws.web.HelloControllerTest] from class [org.springframework.boot.test.autoconfigure.web.servlet.WebMvcTestContextBootstrapper]
12:02:13.372 [Test worker] INFO org.springframework.boot.test.autoconfigure.web.servlet.WebMvcTestContextBootstrapper - Neither @ContextConfiguration nor @ContextHierarchy found for test class [aws.web.HelloControllerTest], using SpringBootContextLoader
12:02:13.377 [Test worker] DEBUG org.springframework.test.context.support.AbstractContextLoader - Did not detect default resource location for test class [aws.web.HelloControllerTest]: class path resource [aws/web/HelloControllerTest-context.xml] does not exist
12:02:13.378 [Test worker] DEBUG org.springframework.test.context.support.AbstractContextLoader - Did not detect default resource location for test class [aws.web.HelloControllerTest]: class path resource [aws/web/HelloControllerTestContext.groovy] does not exist
12:02:13.378 [Test worker] INFO org.springframework.test.context.support.AbstractContextLoader - Could not detect default resource locations for test class [aws.web.HelloControllerTest]: no resource found for suffixes {-context.xml, Context.groovy}.
12:02:13.380 [Test worker] INFO org.springframework.test.context.support.AnnotationConfigContextLoaderUtils - Could not detect default configuration classes for test class [aws.web.HelloControllerTest]: HelloControllerTest does not declare any static, non-private, non-final, nested classes annotated with @Configuration.
12:02:13.489 [Test worker] DEBUG org.springframework.test.context.support.ActiveProfilesUtils - Could not find an 'annotation declaring class' for annotation type [org.springframework.test.context.ActiveProfiles] and class [aws.web.HelloControllerTest]
12:02:13.562 [Test worker] DEBUG org.springframework.context.annotation.ClassPathScanningCandidateComponentProvider - Identified candidate component class: file [/Users/hyunbincho/Desktop/projects/aws/build/classes/java/main/aws/AwsApplication.class]
12:02:13.563 [Test worker] INFO org.springframework.boot.test.context.SpringBootTestContextBootstrapper - Found @SpringBootConfiguration aws.AwsApplication for test class aws.web.HelloControllerTest
12:02:13.569 [Test worker] DEBUG org.springframework.boot.test.autoconfigure.web.servlet.WebMvcTestContextBootstrapper - @TestExecutionListeners is not present for class [aws.web.HelloControllerTest]: using defaults.
12:02:13.570 [Test worker] INFO org.springframework.boot.test.autoconfigure.web.servlet.WebMvcTestContextBootstrapper - Loaded default TestExecutionListener class names from location [META-INF/spring.factories]: [org.springframework.security.test.context.support.WithSecurityContextTestExecutionListener, org.springframework.security.test.context.support.ReactorContextTestExecutionListener, org.springframework.boot.test.autoconfigure.restdocs.RestDocsTestExecutionListener, org.springframework.boot.test.autoconfigure.web.client.MockRestServiceServerResetTestExecutionListener, org.springframework.boot.test.autoconfigure.web.servlet.MockMvcPrintOnlyOnFailureTestExecutionListener, org.springframework.boot.test.autoconfigure.web.servlet.WebDriverTestExecutionListener, org.springframework.boot.test.autoconfigure.webservices.client.MockWebServiceServerTestExecutionListener, org.springframework.boot.test.mock.mockito.MockitoTestExecutionListener, org.springframework.boot.test.mock.mockito.ResetMocksTestExecutionListener, org.springframework.test.context.web.ServletTestExecutionListener, org.springframework.test.context.support.DirtiesContextBeforeModesTestExecutionListener, org.springframework.test.context.support.DependencyInjectionTestExecutionListener, org.springframework.test.context.support.DirtiesContextTestExecutionListener, org.springframework.test.context.transaction.TransactionalTestExecutionListener, org.springframework.test.context.jdbc.SqlScriptsTestExecutionListener, org.springframework.test.context.event.EventPublishingTestExecutionListener]
12:02:13.593 [Test worker] INFO org.springframework.boot.test.autoconfigure.web.servlet.WebMvcTestContextBootstrapper - Using TestExecutionListeners: [org.springframework.test.context.web.ServletTestExecutionListener@640d8185, org.springframework.test.context.support.DirtiesContextBeforeModesTestExecutionListener@28b1c5e3, org.springframework.boot.test.mock.mockito.MockitoTestExecutionListener@78e5a8d1, org.springframework.boot.test.autoconfigure.SpringBootDependencyInjectionTestExecutionListener@51e6ba87, org.springframework.test.context.support.DirtiesContextTestExecutionListener@59ef0897, org.springframework.test.context.transaction.TransactionalTestExecutionListener@7fd75094, org.springframework.test.context.jdbc.SqlScriptsTestExecutionListener@2aa1dc9f, org.springframework.security.test.context.support.WithSecurityContextTestExecutionListener@4e7779ce, org.springframework.test.context.event.EventPublishingTestExecutionListener@6f7d6b27, org.springframework.security.test.context.support.ReactorContextTestExecutionListener@2aebd5ac, org.springframework.boot.test.autoconfigure.restdocs.RestDocsTestExecutionListener@e0ab14a, org.springframework.boot.test.autoconfigure.web.client.MockRestServiceServerResetTestExecutionListener@7b46104c, org.springframework.boot.test.autoconfigure.web.servlet.MockMvcPrintOnlyOnFailureTestExecutionListener@7f666850, org.springframework.boot.test.autoconfigure.web.servlet.WebDriverTestExecutionListener@b5494a5, org.springframework.boot.test.autoconfigure.webservices.client.MockWebServiceServerTestExecutionListener@500ff464, org.springframework.boot.test.mock.mockito.ResetMocksTestExecutionListener@1b805a59]
12:02:13.597 [Test worker] DEBUG org.springframework.test.context.support.AbstractDirtiesContextTestExecutionListener - Before test class: context [DefaultTestContext@787de4b5 testClass = HelloControllerTest, testInstance = [null], testMethod = [null], testException = [null], mergedContextConfiguration = [WebMergedContextConfiguration@2b8535b0 testClass = HelloControllerTest, locations = '{}', classes = '{class aws.AwsApplication}', contextInitializerClasses = '[]', activeProfiles = '{}', propertySourceLocations = '{}', propertySourceProperties = '{org.springframework.boot.test.autoconfigure.web.servlet.WebMvcTestContextBootstrapper=true}', contextCustomizers = set[org.springframework.boot.test.autoconfigure.OverrideAutoConfigurationContextCustomizerFactory$DisableAutoConfigurationContextCustomizer@33535d0a, org.springframework.boot.test.autoconfigure.actuate.metrics.MetricsExportContextCustomizerFactory$DisableMetricExportContextCustomizer@10ae706, org.springframework.boot.test.autoconfigure.filter.TypeExcludeFiltersContextCustomizer@549a55e6, org.springframework.boot.test.autoconfigure.properties.PropertyMappingContextCustomizer@2d06365f, org.springframework.boot.test.autoconfigure.web.servlet.WebDriverContextCustomizerFactory$Customizer@6c2afec3, [ImportsContextCustomizer@216bd0e2 key = [org.springframework.boot.autoconfigure.cache.CacheAutoConfiguration, org.springframework.boot.autoconfigure.context.MessageSourceAutoConfiguration, org.springframework.boot.autoconfigure.data.web.SpringDataWebAutoConfiguration, org.springframework.boot.autoconfigure.freemarker.FreeMarkerAutoConfiguration, org.springframework.boot.autoconfigure.groovy.template.GroovyTemplateAutoConfiguration, org.springframework.boot.autoconfigure.gson.GsonAutoConfiguration, org.springframework.boot.autoconfigure.hateoas.HypermediaAutoConfiguration, org.springframework.boot.autoconfigure.http.HttpMessageConvertersAutoConfiguration, org.springframework.boot.autoconfigure.jackson.JacksonAutoConfiguration, org.springframework.boot.autoconfigure.jsonb.JsonbAutoConfiguration, org.springframework.boot.autoconfigure.mustache.MustacheAutoConfiguration, org.springframework.boot.autoconfigure.task.TaskExecutionAutoConfiguration, org.springframework.boot.autoconfigure.thymeleaf.ThymeleafAutoConfiguration, org.springframework.boot.autoconfigure.validation.ValidationAutoConfiguration, org.springframework.boot.autoconfigure.web.servlet.error.ErrorMvcAutoConfiguration, org.springframework.boot.autoconfigure.web.servlet.HttpEncodingAutoConfiguration, org.springframework.boot.autoconfigure.web.servlet.WebMvcAutoConfiguration, org.springframework.boot.test.autoconfigure.web.servlet.MockMvcAutoConfiguration, org.springframework.boot.test.autoconfigure.web.servlet.MockMvcWebClientAutoConfiguration, org.springframework.boot.test.autoconfigure.web.servlet.MockMvcWebDriverAutoConfiguration, org.springframework.boot.autoconfigure.security.oauth2.client.servlet.OAuth2ClientAutoConfiguration, org.springframework.boot.autoconfigure.security.oauth2.resource.servlet.OAuth2ResourceServerAutoConfiguration, org.springframework.boot.autoconfigure.security.servlet.SecurityAutoConfiguration, org.springframework.boot.autoconfigure.security.servlet.SecurityFilterAutoConfiguration, org.springframework.boot.autoconfigure.security.servlet.UserDetailsServiceAutoConfiguration, org.springframework.boot.test.autoconfigure.web.servlet.MockMvcSecurityConfiguration]], org.springframework.boot.test.context.filter.ExcludeFilterContextCustomizer@21029dd1, org.springframework.boot.test.json.DuplicateJsonObjectContextCustomizerFactory$DuplicateJsonObjectContextCustomizer@4014fdb, org.springframework.boot.test.mock.mockito.MockitoContextCustomizer@0, org.springframework.boot.test.context.SpringBootTestArgs@1, org.springframework.boot.test.context.SpringBootTestWebEnvironment@0], resourceBasePath = 'src/main/webapp', contextLoader = 'org.springframework.boot.test.context.SpringBootContextLoader', parent = [null]], attributes = map[[empty]]], class annotated with @DirtiesContext [false] with mode [null].
12:02:13.610 [Test worker] DEBUG org.springframework.test.context.support.DependencyInjectionTestExecutionListener - Performing dependency injection for test context [[DefaultTestContext@787de4b5 testClass = HelloControllerTest, testInstance = aws.web.HelloControllerTest@734d16be, testMethod = [null], testException = [null], mergedContextConfiguration = [WebMergedContextConfiguration@2b8535b0 testClass = HelloControllerTest, locations = '{}', classes = '{class aws.AwsApplication}', contextInitializerClasses = '[]', activeProfiles = '{}', propertySourceLocations = '{}', propertySourceProperties = '{org.springframework.boot.test.autoconfigure.web.servlet.WebMvcTestContextBootstrapper=true}', contextCustomizers = set[org.springframework.boot.test.autoconfigure.OverrideAutoConfigurationContextCustomizerFactory$DisableAutoConfigurationContextCustomizer@33535d0a, org.springframework.boot.test.autoconfigure.actuate.metrics.MetricsExportContextCustomizerFactory$DisableMetricExportContextCustomizer@10ae706, org.springframework.boot.test.autoconfigure.filter.TypeExcludeFiltersContextCustomizer@549a55e6, org.springframework.boot.test.autoconfigure.properties.PropertyMappingContextCustomizer@2d06365f, org.springframework.boot.test.autoconfigure.web.servlet.WebDriverContextCustomizerFactory$Customizer@6c2afec3, [ImportsContextCustomizer@216bd0e2 key = [org.springframework.boot.autoconfigure.cache.CacheAutoConfiguration, org.springframework.boot.autoconfigure.context.MessageSourceAutoConfiguration, org.springframework.boot.autoconfigure.data.web.SpringDataWebAutoConfiguration, org.springframework.boot.autoconfigure.freemarker.FreeMarkerAutoConfiguration, org.springframework.boot.autoconfigure.groovy.template.GroovyTemplateAutoConfiguration, org.springframework.boot.autoconfigure.gson.GsonAutoConfiguration, org.springframework.boot.autoconfigure.hateoas.HypermediaAutoConfiguration, org.springframework.boot.autoconfigure.http.HttpMessageConvertersAutoConfiguration, org.springframework.boot.autoconfigure.jackson.JacksonAutoConfiguration, org.springframework.boot.autoconfigure.jsonb.JsonbAutoConfiguration, org.springframework.boot.autoconfigure.mustache.MustacheAutoConfiguration, org.springframework.boot.autoconfigure.task.TaskExecutionAutoConfiguration, org.springframework.boot.autoconfigure.thymeleaf.ThymeleafAutoConfiguration, org.springframework.boot.autoconfigure.validation.ValidationAutoConfiguration, org.springframework.boot.autoconfigure.web.servlet.error.ErrorMvcAutoConfiguration, org.springframework.boot.autoconfigure.web.servlet.HttpEncodingAutoConfiguration, org.springframework.boot.autoconfigure.web.servlet.WebMvcAutoConfiguration, org.springframework.boot.test.autoconfigure.web.servlet.MockMvcAutoConfiguration, org.springframework.boot.test.autoconfigure.web.servlet.MockMvcWebClientAutoConfiguration, org.springframework.boot.test.autoconfigure.web.servlet.MockMvcWebDriverAutoConfiguration, org.springframework.boot.autoconfigure.security.oauth2.client.servlet.OAuth2ClientAutoConfiguration, org.springframework.boot.autoconfigure.security.oauth2.resource.servlet.OAuth2ResourceServerAutoConfiguration, org.springframework.boot.autoconfigure.security.servlet.SecurityAutoConfiguration, org.springframework.boot.autoconfigure.security.servlet.SecurityFilterAutoConfiguration, org.springframework.boot.autoconfigure.security.servlet.UserDetailsServiceAutoConfiguration, org.springframework.boot.test.autoconfigure.web.servlet.MockMvcSecurityConfiguration]], org.springframework.boot.test.context.filter.ExcludeFilterContextCustomizer@21029dd1, org.springframework.boot.test.json.DuplicateJsonObjectContextCustomizerFactory$DuplicateJsonObjectContextCustomizer@4014fdb, org.springframework.boot.test.mock.mockito.MockitoContextCustomizer@0, org.springframework.boot.test.context.SpringBootTestArgs@1, org.springframework.boot.test.context.SpringBootTestWebEnvironment@0], resourceBasePath = 'src/main/webapp', contextLoader = 'org.springframework.boot.test.context.SpringBootContextLoader', parent = [null]], attributes = map[[empty]]]].
12:02:13.633 [Test worker] DEBUG org.springframework.test.context.support.TestPropertySourceUtils - Adding inlined properties to environment: {spring.jmx.enabled=false, org.springframework.boot.test.autoconfigure.web.servlet.WebMvcTestContextBootstrapper=true}

  .   ____          _            __ _ _
 /\\ / ___'_ __ _ _(_)_ __  __ _ \ \ \ \
( ( )\___ | '_ | '_| | '_ \/ _` | \ \ \ \
 \\/  ___)| |_)| | | | | || (_| |  ) ) ) )
  '  |____| .__|_| |_|_| |_\__, | / / / /
 =========|_|==============|___/=/_/_/_/
 :: Spring Boot ::                (v2.4.1)

2021-10-14 12:02:14.082  INFO 22410 --- [    Test worker] aws.web.HelloControllerTest              : Starting HelloControllerTest using Java 11.0.10 on MacBook-Pro.local with PID 22410 (started by hyunbincho in /Users/hyunbincho/Desktop/projects/aws)
2021-10-14 12:02:14.084  INFO 22410 --- [    Test worker] aws.web.HelloControllerTest              : The following profiles are active: oauth
2021-10-14 12:02:15.735  INFO 22410 --- [    Test worker] o.s.s.concurrent.ThreadPoolTaskExecutor  : Initializing ExecutorService 'applicationTaskExecutor'
2021-10-14 12:02:15.894  INFO 22410 --- [    Test worker] o.s.b.a.w.s.WelcomePageHandlerMapping    : Adding welcome page template: index
2021-10-14 12:02:16.611  INFO 22410 --- [    Test worker] o.s.s.web.DefaultSecurityFilterChain     : Will secure any request with [org.springframework.security.web.context.request.async.WebAsyncManagerIntegrationFilter@91b3d37, org.springframework.security.web.context.SecurityContextPersistenceFilter@74337b4a, org.springframework.security.web.header.HeaderWriterFilter@506f9870, org.springframework.security.web.csrf.CsrfFilter@693f26f, org.springframework.security.web.authentication.logout.LogoutFilter@74808dc2, org.springframework.security.oauth2.client.web.OAuth2AuthorizationRequestRedirectFilter@1dd74c5b, org.springframework.security.oauth2.client.web.OAuth2AuthorizationRequestRedirectFilter@43725dcd, org.springframework.security.oauth2.client.web.OAuth2LoginAuthenticationFilter@4191d2ea, org.springframework.security.web.authentication.ui.DefaultLoginPageGeneratingFilter@697c2c7d, org.springframework.security.web.authentication.ui.DefaultLogoutPageGeneratingFilter@7133ccfe, org.springframework.security.web.savedrequest.RequestCacheAwareFilter@3eddbae9, org.springframework.security.web.servletapi.SecurityContextHolderAwareRequestFilter@548055dc, org.springframework.security.web.authentication.AnonymousAuthenticationFilter@f5837a2, org.springframework.security.oauth2.client.web.OAuth2AuthorizationCodeGrantFilter@22dc1710, org.springframework.security.web.session.SessionManagementFilter@598e3259, org.springframework.security.web.access.ExceptionTranslationFilter@6245266a, org.springframework.security.web.access.intercept.FilterSecurityInterceptor@487a7098]
2021-10-14 12:02:16.817  INFO 22410 --- [    Test worker] o.s.b.t.m.w.SpringBootMockServletContext : Initializing Spring TestDispatcherServlet ''
2021-10-14 12:02:16.817  INFO 22410 --- [    Test worker] o.s.t.web.servlet.TestDispatcherServlet  : Initializing Servlet ''
2021-10-14 12:02:16.822  INFO 22410 --- [    Test worker] o.s.t.web.servlet.TestDispatcherServlet  : Completed initialization in 4 ms
2021-10-14 12:02:16.872  INFO 22410 --- [    Test worker] aws.web.HelloControllerTest              : Started HelloControllerTest in 3.228 seconds (JVM running for 4.751)
]]></system-out>
  <system-err><![CDATA[]]></system-err>
</testsuite>
