<?xml version="1.0" encoding="UTF-8"?>
<testsuite name="aws.web.dto.HelloResponseDtoTest" tests="1" skipped="0" failures="0" errors="0" timestamp="2021-10-14T03:02:17" hostname="MacBook-Pro.local" time="0.076">
  <properties/>
  <testcase name="롬복_기능_테스트()" classname="aws.web.dto.HelloResponseDtoTest" time="0.076"/>
  <system-out><![CDATA[]]></system-out>
  <system-err><![CDATA[]]></system-err>
</testsuite>
