<?xml version="1.0" encoding="UTF-8"?>
<testsuite name="aws.web.IndexControllerTest" tests="1" skipped="0" failures="0" errors="0" timestamp="2021-10-14T03:02:22" hostname="MacBook-Pro.local" time="0.068">
  <properties/>
  <testcase name="메인()" classname="aws.web.IndexControllerTest" time="0.068"/>
  <system-out><![CDATA[2021-10-14 12:02:22.796  INFO 22410 --- [    Test worker] .b.t.c.SpringBootTestContextBootstrapper : Neither @ContextConfiguration nor @ContextHierarchy found for test class [aws.web.IndexControllerTest], using SpringBootContextLoader
2021-10-14 12:02:22.797  INFO 22410 --- [    Test worker] o.s.t.c.support.AbstractContextLoader    : Could not detect default resource locations for test class [aws.web.IndexControllerTest]: no resource found for suffixes {-context.xml, Context.groovy}.
2021-10-14 12:02:22.797  INFO 22410 --- [    Test worker] t.c.s.AnnotationConfigContextLoaderUtils : Could not detect default configuration classes for test class [aws.web.IndexControllerTest]: IndexControllerTest does not declare any static, non-private, non-final, nested classes annotated with @Configuration.
2021-10-14 12:02:22.799  INFO 22410 --- [    Test worker] .b.t.c.SpringBootTestContextBootstrapper : Found @SpringBootConfiguration aws.AwsApplication for test class aws.web.IndexControllerTest
2021-10-14 12:02:22.801  INFO 22410 --- [    Test worker] .b.t.c.SpringBootTestContextBootstrapper : Loaded default TestExecutionListener class names from location [META-INF/spring.factories]: [org.springframework.security.test.context.support.WithSecurityContextTestExecutionListener, org.springframework.security.test.context.support.ReactorContextTestExecutionListener, org.springframework.boot.test.autoconfigure.restdocs.RestDocsTestExecutionListener, org.springframework.boot.test.autoconfigure.web.client.MockRestServiceServerResetTestExecutionListener, org.springframework.boot.test.autoconfigure.web.servlet.MockMvcPrintOnlyOnFailureTestExecutionListener, org.springframework.boot.test.autoconfigure.web.servlet.WebDriverTestExecutionListener, org.springframework.boot.test.autoconfigure.webservices.client.MockWebServiceServerTestExecutionListener, org.springframework.boot.test.mock.mockito.MockitoTestExecutionListener, org.springframework.boot.test.mock.mockito.ResetMocksTestExecutionListener, org.springframework.test.context.web.ServletTestExecutionListener, org.springframework.test.context.support.DirtiesContextBeforeModesTestExecutionListener, org.springframework.test.context.support.DependencyInjectionTestExecutionListener, org.springframework.test.context.support.DirtiesContextTestExecutionListener, org.springframework.test.context.transaction.TransactionalTestExecutionListener, org.springframework.test.context.jdbc.SqlScriptsTestExecutionListener, org.springframework.test.context.event.EventPublishingTestExecutionListener]
2021-10-14 12:02:22.802  INFO 22410 --- [    Test worker] .b.t.c.SpringBootTestContextBootstrapper : Using TestExecutionListeners: [org.springframework.test.context.web.ServletTestExecutionListener@2ecd2ee5, org.springframework.test.context.support.DirtiesContextBeforeModesTestExecutionListener@fbc1815, org.springframework.boot.test.mock.mockito.MockitoTestExecutionListener@580fe635, org.springframework.boot.test.autoconfigure.SpringBootDependencyInjectionTestExecutionListener@32f9ce99, org.springframework.test.context.support.DirtiesContextTestExecutionListener@75847425, org.springframework.test.context.transaction.TransactionalTestExecutionListener@1a17a630, org.springframework.test.context.jdbc.SqlScriptsTestExecutionListener@3d8ed509, org.springframework.security.test.context.support.WithSecurityContextTestExecutionListener@41ff4927, org.springframework.test.context.event.EventPublishingTestExecutionListener@170c3861, org.springframework.security.test.context.support.ReactorContextTestExecutionListener@308d2a96, org.springframework.boot.test.autoconfigure.restdocs.RestDocsTestExecutionListener@7b609713, org.springframework.boot.test.autoconfigure.web.client.MockRestServiceServerResetTestExecutionListener@406d4f29, org.springframework.boot.test.autoconfigure.web.servlet.MockMvcPrintOnlyOnFailureTestExecutionListener@3654b875, org.springframework.boot.test.autoconfigure.web.servlet.WebDriverTestExecutionListener@6fd4edb3, org.springframework.boot.test.autoconfigure.webservices.client.MockWebServiceServerTestExecutionListener@10f32755, org.springframework.boot.test.mock.mockito.ResetMocksTestExecutionListener@3acd3665]
Hibernate: select board0_.id as id1_0_, board0_.created_date as created_2_0_, board0_.modified_date as modified3_0_, board0_.author as author4_0_, board0_.content as content5_0_, board0_.title as title6_0_ from board board0_ order by board0_.id desc
]]></system-out>
  <system-err><![CDATA[]]></system-err>
</testsuite>
