<?xml version="1.0" encoding="UTF-8"?>
<testsuite name="aws.domain.posts.BoardRepositoryTest" tests="2" skipped="0" failures="0" errors="0" timestamp="2021-10-14T03:02:24" hostname="MacBook-Pro.local" time="0.04">
  <properties/>
  <testcase name="게시글_저장_불러오기()" classname="aws.domain.posts.BoardRepositoryTest" time="0.026"/>
  <testcase name="BaseTimeEntity등록()" classname="aws.domain.posts.BoardRepositoryTest" time="0.013"/>
  <system-out><![CDATA[2021-10-14 12:02:22.876  INFO 22410 --- [    Test worker] .b.t.c.SpringBootTestContextBootstrapper : Neither @ContextConfiguration nor @ContextHierarchy found for test class [aws.domain.posts.BoardRepositoryTest], using SpringBootContextLoader
2021-10-14 12:02:22.877  INFO 22410 --- [    Test worker] o.s.t.c.support.AbstractContextLoader    : Could not detect default resource locations for test class [aws.domain.posts.BoardRepositoryTest]: no resource found for suffixes {-context.xml, Context.groovy}.
2021-10-14 12:02:22.877  INFO 22410 --- [    Test worker] t.c.s.AnnotationConfigContextLoaderUtils : Could not detect default configuration classes for test class [aws.domain.posts.BoardRepositoryTest]: BoardRepositoryTest does not declare any static, non-private, non-final, nested classes annotated with @Configuration.
2021-10-14 12:02:22.885  INFO 22410 --- [    Test worker] .b.t.c.SpringBootTestContextBootstrapper : Found @SpringBootConfiguration aws.AwsApplication for test class aws.domain.posts.BoardRepositoryTest
2021-10-14 12:02:22.887  INFO 22410 --- [    Test worker] .b.t.c.SpringBootTestContextBootstrapper : Loaded default TestExecutionListener class names from location [META-INF/spring.factories]: [org.springframework.security.test.context.support.WithSecurityContextTestExecutionListener, org.springframework.security.test.context.support.ReactorContextTestExecutionListener, org.springframework.boot.test.autoconfigure.restdocs.RestDocsTestExecutionListener, org.springframework.boot.test.autoconfigure.web.client.MockRestServiceServerResetTestExecutionListener, org.springframework.boot.test.autoconfigure.web.servlet.MockMvcPrintOnlyOnFailureTestExecutionListener, org.springframework.boot.test.autoconfigure.web.servlet.WebDriverTestExecutionListener, org.springframework.boot.test.autoconfigure.webservices.client.MockWebServiceServerTestExecutionListener, org.springframework.boot.test.mock.mockito.MockitoTestExecutionListener, org.springframework.boot.test.mock.mockito.ResetMocksTestExecutionListener, org.springframework.test.context.web.ServletTestExecutionListener, org.springframework.test.context.support.DirtiesContextBeforeModesTestExecutionListener, org.springframework.test.context.support.DependencyInjectionTestExecutionListener, org.springframework.test.context.support.DirtiesContextTestExecutionListener, org.springframework.test.context.transaction.TransactionalTestExecutionListener, org.springframework.test.context.jdbc.SqlScriptsTestExecutionListener, org.springframework.test.context.event.EventPublishingTestExecutionListener]
2021-10-14 12:02:22.889  INFO 22410 --- [    Test worker] .b.t.c.SpringBootTestContextBootstrapper : Using TestExecutionListeners: [org.springframework.test.context.web.ServletTestExecutionListener@4fa3cc3d, org.springframework.test.context.support.DirtiesContextBeforeModesTestExecutionListener@7b2ecf96, org.springframework.boot.test.mock.mockito.MockitoTestExecutionListener@52fa190d, org.springframework.boot.test.autoconfigure.SpringBootDependencyInjectionTestExecutionListener@388da96a, org.springframework.test.context.support.DirtiesContextTestExecutionListener@699e4862, org.springframework.test.context.transaction.TransactionalTestExecutionListener@644178b8, org.springframework.test.context.jdbc.SqlScriptsTestExecutionListener@66f1374c, org.springframework.security.test.context.support.WithSecurityContextTestExecutionListener@33621401, org.springframework.test.context.event.EventPublishingTestExecutionListener@28a48757, org.springframework.security.test.context.support.ReactorContextTestExecutionListener@474fae43, org.springframework.boot.test.autoconfigure.restdocs.RestDocsTestExecutionListener@286baab1, org.springframework.boot.test.autoconfigure.web.client.MockRestServiceServerResetTestExecutionListener@b0a61a1, org.springframework.boot.test.autoconfigure.web.servlet.MockMvcPrintOnlyOnFailureTestExecutionListener@718c1a8, org.springframework.boot.test.autoconfigure.web.servlet.WebDriverTestExecutionListener@3d9f5abe, org.springframework.boot.test.autoconfigure.webservices.client.MockWebServiceServerTestExecutionListener@4854419e, org.springframework.boot.test.mock.mockito.ResetMocksTestExecutionListener@100b365c]

  .   ____          _            __ _ _
 /\\ / ___'_ __ _ _(_)_ __  __ _ \ \ \ \
( ( )\___ | '_ | '_| | '_ \/ _` | \ \ \ \
 \\/  ___)| |_)| | | | | || (_| |  ) ) ) )
  '  |____| .__|_| |_|_| |_\__, | / / / /
 =========|_|==============|___/=/_/_/_/
 :: Spring Boot ::                (v2.4.1)

2021-10-14 12:02:22.929  INFO 22410 --- [    Test worker] aws.domain.posts.BoardRepositoryTest     : Starting BoardRepositoryTest using Java 11.0.10 on MacBook-Pro.local with PID 22410 (started by hyunbincho in /Users/hyunbincho/Desktop/projects/aws)
2021-10-14 12:02:22.929  INFO 22410 --- [    Test worker] aws.domain.posts.BoardRepositoryTest     : The following profiles are active: oauth
2021-10-14 12:02:23.193  INFO 22410 --- [    Test worker] .s.d.r.c.RepositoryConfigurationDelegate : Bootstrapping Spring Data JPA repositories in DEFAULT mode.
2021-10-14 12:02:23.207  INFO 22410 --- [    Test worker] .s.d.r.c.RepositoryConfigurationDelegate : Finished Spring Data repository scanning in 13 ms. Found 2 JPA repository interfaces.
2021-10-14 12:02:23.369  INFO 22410 --- [    Test worker] com.zaxxer.hikari.HikariDataSource       : HikariPool-2 - Starting...
2021-10-14 12:02:23.370  INFO 22410 --- [    Test worker] com.zaxxer.hikari.HikariDataSource       : HikariPool-2 - Start completed.
2021-10-14 12:02:23.385  INFO 22410 --- [    Test worker] o.hibernate.jpa.internal.util.LogHelper  : HHH000204: Processing PersistenceUnitInfo [name: default]
2021-10-14 12:02:23.391  INFO 22410 --- [    Test worker] org.hibernate.dialect.Dialect            : HHH000400: Using dialect: org.hibernate.dialect.MySQL57Dialect
Hibernate: drop table if exists board
Hibernate: drop table if exists user
Hibernate: create table board (id bigint not null auto_increment, created_date datetime(6), modified_date datetime(6), author varchar(255), content TEXT not null, title varchar(500) not null, primary key (id)) engine=InnoDB
Hibernate: create table user (id bigint not null auto_increment, created_date datetime(6), modified_date datetime(6), email varchar(255) not null, name varchar(255) not null, picture varchar(255), role varchar(255) not null, primary key (id)) engine=InnoDB
2021-10-14 12:02:23.455  INFO 22410 --- [    Test worker] o.h.e.t.j.p.i.JtaPlatformInitiator       : HHH000490: Using JtaPlatform implementation: [org.hibernate.engine.transaction.jta.platform.internal.NoJtaPlatform]
2021-10-14 12:02:23.455  INFO 22410 --- [    Test worker] j.LocalContainerEntityManagerFactoryBean : Initialized JPA EntityManagerFactory for persistence unit 'default'
2021-10-14 12:02:23.573  WARN 22410 --- [    Test worker] JpaBaseConfiguration$JpaWebConfiguration : spring.jpa.open-in-view is enabled by default. Therefore, database queries may be performed during view rendering. Explicitly configure spring.jpa.open-in-view to disable this warning
2021-10-14 12:02:23.768  INFO 22410 --- [    Test worker] o.s.s.web.DefaultSecurityFilterChain     : Will secure any request with [org.springframework.security.web.context.request.async.WebAsyncManagerIntegrationFilter@3ab49f9f, org.springframework.security.web.context.SecurityContextPersistenceFilter@695c6288, org.springframework.security.web.header.HeaderWriterFilter@45cdf553, org.springframework.security.web.authentication.logout.LogoutFilter@74002cf8, org.springframework.security.oauth2.client.web.OAuth2AuthorizationRequestRedirectFilter@368ba2ad, org.springframework.security.oauth2.client.web.OAuth2LoginAuthenticationFilter@7f82ba06, org.springframework.security.web.authentication.ui.DefaultLoginPageGeneratingFilter@63f397f7, org.springframework.security.web.authentication.ui.DefaultLogoutPageGeneratingFilter@10db2e63, org.springframework.security.web.savedrequest.RequestCacheAwareFilter@5a08f491, org.springframework.security.web.servletapi.SecurityContextHolderAwareRequestFilter@7045f5ee, org.springframework.security.web.authentication.AnonymousAuthenticationFilter@7b2e681f, org.springframework.security.web.session.SessionManagementFilter@6f6f8958, org.springframework.security.web.access.ExceptionTranslationFilter@1f059c5e, org.springframework.security.web.access.intercept.FilterSecurityInterceptor@571fab49]
2021-10-14 12:02:23.943  INFO 22410 --- [    Test worker] o.s.s.concurrent.ThreadPoolTaskExecutor  : Initializing ExecutorService 'applicationTaskExecutor'
2021-10-14 12:02:23.960  INFO 22410 --- [    Test worker] o.s.b.a.h2.H2ConsoleAutoConfiguration    : H2 console available at '/h2-console'. Database available at 'jdbc:h2:mem:testdb'
2021-10-14 12:02:23.978  INFO 22410 --- [    Test worker] o.s.b.a.w.s.WelcomePageHandlerMapping    : Adding welcome page template: index
2021-10-14 12:02:24.271  INFO 22410 --- [    Test worker] s.a.ScheduledAnnotationBeanPostProcessor : No TaskScheduler/ScheduledExecutorService bean found for scheduled processing
2021-10-14 12:02:24.272  INFO 22410 --- [    Test worker] aws.domain.posts.BoardRepositoryTest     : Started BoardRepositoryTest in 1.379 seconds (JVM running for 12.152)
Hibernate: insert into board (created_date, modified_date, author, content, title) values (?, ?, ?, ?, ?)
Hibernate: select board0_.id as id1_0_, board0_.created_date as created_2_0_, board0_.modified_date as modified3_0_, board0_.author as author4_0_, board0_.content as content5_0_, board0_.title as title6_0_ from board board0_
Hibernate: select board0_.id as id1_0_, board0_.created_date as created_2_0_, board0_.modified_date as modified3_0_, board0_.author as author4_0_, board0_.content as content5_0_, board0_.title as title6_0_ from board board0_
Hibernate: delete from board where id=?
Hibernate: insert into board (created_date, modified_date, author, content, title) values (?, ?, ?, ?, ?)
Hibernate: select board0_.id as id1_0_, board0_.created_date as created_2_0_, board0_.modified_date as modified3_0_, board0_.author as author4_0_, board0_.content as content5_0_, board0_.title as title6_0_ from board board0_
>>> createDate : 2021-10-14T12:02:24.306907, lastModifiedDate : 2021-10-14T12:02:24.306907
Hibernate: select board0_.id as id1_0_, board0_.created_date as created_2_0_, board0_.modified_date as modified3_0_, board0_.author as author4_0_, board0_.content as content5_0_, board0_.title as title6_0_ from board board0_
Hibernate: delete from board where id=?
]]></system-out>
  <system-err><![CDATA[]]></system-err>
</testsuite>
